[0318/204637:ERROR:process_reader_win.cc(142)] SuspendThread: 拒绝访问。 (0x5)
[0318/204637:ERROR:process_reader_win.cc(142)] SuspendThread: 拒绝访问。 (0x5)
[0318/204637:ERROR:process_reader_win.cc(114)] NtOpenThread: 指定无效的客户端 ID。  (0xc000000b)
[0318/204637:ERROR:process_info.cc(608)] range at 0xfee7f000, size 0x230 fully unreadable
[0318/204637:ERROR:process_info.cc(608)] range at 0xfee7e000, size 0xf84 fully unreadable
[0318/230329:ERROR:process_reader_win.cc(142)] SuspendThread: 拒绝访问。 (0x5)
[0318/230329:ERROR:process_reader_win.cc(142)] SuspendThread: 拒绝访问。 (0x5)
[0318/230329:ERROR:process_reader_win.cc(142)] SuspendThread: 拒绝访问。 (0x5)
[0318/230329:ERROR:process_reader_win.cc(142)] SuspendThread: 拒绝访问。 (0x5)
[0318/230329:ERROR:process_info.cc(608)] range at 0xfeeef000, size 0x230 fully unreadable
[0318/230329:ERROR:process_info.cc(608)] range at 0xfeeee000, size 0xf84 fully unreadable
[0318/230329:ERROR:process_reader_win.cc(142)] SuspendThread: 拒绝访问。 (0x5)
[0318/230329:ERROR:process_reader_win.cc(142)] SuspendThread: 拒绝访问。 (0x5)
[0318/230329:ERROR:process_reader_win.cc(142)] SuspendThread: 拒绝访问。 (0x5)
[0318/230329:ERROR:process_info.cc(608)] range at 0xff053000, size 0x230 fully unreadable
[0318/230329:ERROR:process_info.cc(608)] range at 0xff05f000, size 0xf84 fully unreadable
[0318/230329:ERROR:process_reader_win.cc(142)] SuspendThread: 拒绝访问。 (0x5)
[0318/230329:ERROR:process_reader_win.cc(142)] SuspendThread: 拒绝访问。 (0x5)
[0318/230329:ERROR:process_reader_win.cc(142)] SuspendThread: 拒绝访问。 (0x5)
[0318/230329:ERROR:process_info.cc(608)] range at 0xff9e7000, size 0x230 fully unreadable
[0318/230329:ERROR:process_info.cc(608)] range at 0xff9ee000, size 0xf84 fully unreadable
[0318/230329:ERROR:process_reader_win.cc(142)] SuspendThread: 拒绝访问。 (0x5)
[0318/230329:ERROR:process_reader_win.cc(142)] SuspendThread: 拒绝访问。 (0x5)
[0318/230329:ERROR:process_info.cc(608)] range at 0xff69e000, size 0x230 fully unreadable
[0318/230329:ERROR:process_info.cc(608)] range at 0xff69d000, size 0xf84 fully unreadable
[0318/230329:ERROR:process_info.cc(608)] range at 0xffb9a000, size 0x230 fully unreadable
[0318/230329:ERROR:process_info.cc(608)] range at 0xffb9f000, size 0xf84 fully unreadable
[0318/230329:ERROR:process_reader_win.cc(233)] ReadMemory at 0x455000 of 45056 bytes failed: 仅完成部分的 ReadProcessMemory 或 WriteProcessMemory 请求。 (0x12B)
[0318/230329:ERROR:crash_report_exception_handler.cc(98)] WriteEverything failed
[0318/230329:ERROR:scoped_process_suspend.cc(38)] NtResumeProcess: 已尝试访问正在退出的过程。  (0xc000010a)
